**********************
PowerShell transcript start
Start time: 20210825134746
Username: NORTHAMERICA\josrod
RunAs User: NORTHAMERICA\josrod
Configuration Name: 
Machine: DESKTOP-UT1319M (Microsoft Windows NT 10.0.19043.0)
Host Application: C:\Program Files\PowerShell\7\pwsh.dll -NoProfile -NonInteractive -ExecutionPolicy Bypass -Command Import-Module 'c:\Users\josrod\.vscode\extensions\ms-vscode.powershell-2021.8.0\modules\PowerShellEditorServices\PowerShellEditorServices.psd1'; Start-EditorServices -HostName 'Visual Studio Code Host' -HostProfileId 'Microsoft.VSCode' -HostVersion '2021.8.0' -AdditionalModules @('PowerShellEditorServices.VSCode') -BundledModulesPath 'c:\Users\josrod\.vscode\extensions\ms-vscode.powershell-2021.8.0\modules' -EnableConsoleRepl -StartupBanner '=====> PowerShell Integrated Console v2021.8.0 <=====
' -LogLevel 'Normal' -LogPath 'c:\Users\josrod\.vscode\extensions\ms-vscode.powershell-2021.8.0\logs\1629912611-386f9525-617c-4030-9457-3f79360755371629752209118\EditorServices.log' -SessionDetailsPath 'c:\Users\josrod\.vscode\extensions\ms-vscode.powershell-2021.8.0\sessions\PSES-VSCode-18360-716477' -FeatureFlags @() 
Process ID: 38120
PSVersion: 7.1.4
PSEdition: Core
GitCommitId: 7.1.4
OS: Microsoft Windows 10.0.19043
Platform: Win32NT
PSCompatibleVersions: 1.0, 2.0, 3.0, 4.0, 5.0, 5.1.10032.0, 6.0.0, 6.1.0, 6.2.0, 7.0.0, 7.1.4
PSRemotingProtocolVersion: 2.3
SerializationVersion: 1.1.0.1
WSManStackVersion: 3.0
**********************
Transcript started, output file is C:\_projects\TenantSiteMetadataSync\Logs\ImportSharePointTenantListData_20210825T1347462734.log
PS C:\_projects\TenantSiteMetadataSync> TerminatingError(): "Cannot convert argument "sqlDbType", with value: "Operation - Import SharePoint Tenant List Data", for "Add" to type "System.Data.SqlDbType": "Cannot convert value "Operation - Import SharePoint Tenant List Data" to type "System.Data.SqlDbType". Error: "Unable to match the identifier name Operation - Import SharePoint Tenant List Data to a valid enumerator name. Specify one of the following enumerator names and try again:
BigInt, Binary, Bit, Char, DateTime, Decimal, Float, Image, Int, Money, NChar, NText, NVarChar, Real, UniqueIdentifier, SmallDateTime, SmallInt, SmallMoney, Text, Timestamp, TinyInt, VarBinary, VarChar, Variant, Xml, Udt, Structured, Date, Time, DateTime2, DateTimeOffset"""
>> TerminatingError(): "Cannot convert argument "sqlDbType", with value: "Operation - Import SharePoint Tenant List Data", for "Add" to type "System.Data.SqlDbType": "Cannot convert value "Operation - Import SharePoint Tenant List Data" to type "System.Data.SqlDbType". Error: "Unable to match the identifier name Operation - Import SharePoint Tenant List Data to a valid enumerator name. Specify one of the following enumerator names and try again:
BigInt, Binary, Bit, Char, DateTime, Decimal, Float, Image, Int, Money, NChar, NText, NVarChar, Real, UniqueIdentifier, SmallDateTime, SmallInt, SmallMoney, Text, Timestamp, TinyInt, VarBinary, VarChar, Variant, Xml, Udt, Structured, Date, Time, DateTime2, DateTimeOffset"""
>> TerminatingError(): "Cannot convert argument "sqlDbType", with value: "Operation - Import SharePoint Tenant List Data", for "Add" to type "System.Data.SqlDbType": "Cannot convert value "Operation - Import SharePoint Tenant List Data" to type "System.Data.SqlDbType". Error: "Unable to match the identifier name Operation - Import SharePoint Tenant List Data to a valid enumerator name. Specify one of the following enumerator names and try again:
BigInt, Binary, Bit, Char, DateTime, Decimal, Float, Image, Int, Money, NChar, NText, NVarChar, Real, UniqueIdentifier, SmallDateTime, SmallInt, SmallMoney, Text, Timestamp, TinyInt, VarBinary, VarChar, Variant, Xml, Udt, Structured, Date, Time, DateTime2, DateTimeOffset"""
>> TerminatingError(): "Cannot convert argument "sqlDbType", with value: "Operation - Import SharePoint Tenant List Data", for "Add" to type "System.Data.SqlDbType": "Cannot convert value "Operation - Import SharePoint Tenant List Data" to type "System.Data.SqlDbType". Error: "Unable to match the identifier name Operation - Import SharePoint Tenant List Data to a valid enumerator name. Specify one of the following enumerator names and try again:
BigInt, Binary, Bit, Char, DateTime, Decimal, Float, Image, Int, Money, NChar, NText, NVarChar, Real, UniqueIdentifier, SmallDateTime, SmallInt, SmallMoney, Text, Timestamp, TinyInt, VarBinary, VarChar, Variant, Xml, Udt, Structured, Date, Time, DateTime2, DateTimeOffset"""
Cannot convert argument "sqlDbType", with value: "Operation - Import SharePoint Tenant List Data", for "Add" to type "System.Data.SqlDbType": "Cannot convert value "Operation - Import SharePoint Tenant List Data" to type "System.Data.SqlDbType". Error: "Unable to match the identifier name Operation - Import SharePoint Tenant List Data to a valid enumerator name. Specify one of the following enumerator names and try again:
BigInt, Binary, Bit, Char, DateTime, Decimal, Float, Image, Int, Money, NChar, NText, NVarChar, Real, UniqueIdentifier, SmallDateTime, SmallInt, SmallMoney, Text, Timestamp, TinyInt, VarBinary, VarChar, Variant, Xml, Udt, Structured, Date, Time, DateTime2, DateTimeOffset""
>> @{ 'computerName' = if ([Environment]::MachineName) {[Environment]::MachineName}  else {'localhost'}; 'processId' = $PID; 'instanceId' = $host.InstanceId }

Name                           Value
----                           -----
computerName                   DESKTOP-UT1319M
processId                      38120
instanceId                     bde53e52-8ac5-4773-987f-454e62c9a5a4


[91mParentContainsErrorRecordException: [0mC:\Program Files\WindowsPowerShell\Modules\TenantSiteMetadataSync\1.0.0.0\private\functions\Invoke-NonQuery.ps1:63:55
[96mLine |
[96m  63 | [0m …           $null = $command.Parameters.Add( "@$([96m$Parameter.Key[0m)", $Par …
[96m     | [91m                                                  ~~~~~~~~~~~~~~
[91m[96m     | [91mCannot convert argument "sqlDbType", with value: "Operation - Import SharePoint Tenant List Data", for "Add" to type "System.Data.SqlDbType": "Cannot convert value "Operation - Import SharePoint Tenant List Data" to type "System.Data.SqlDbType". Error: "Unable to match the identifier name Operation - Import SharePoint Tenant List Data to a valid enumerator name. Specify one of the
[96m     | [91mfollowing enumerator names and try again: BigInt, Binary, Bit, Char, DateTime, Decimal, Float, Image, Int, Money, NChar, NText, NVarChar, Real, UniqueIdentifier, SmallDateTime, SmallInt, SmallMoney, Text, Timestamp, TinyInt, VarBinary, VarChar, Variant, Xml, Udt, Structured, Date, Time, DateTime2, DateTimeOffset""
[0m
PS C:\_projects\TenantSiteMetadataSync> Update-TSMSDatabaseSchema -DatabaseName "TenantSiteMetadataSync" -Database "LOCALHOST\SQLEXPRESS"

Invoke-Sqlcmd: C:\Program Files\WindowsPowerShell\Modules\TenantSiteMetadataSync\1.0.0.0\public\Update-DatabaseSchema.ps1:41:13
Line |
  41 |              Invoke-Sqlcmd -InputFile $path.FullName -ServerInstance $ …
     |              ~~~~~~~~~~~~~~~~~~~~~~~~~~~~~~~~~~~~~~~~~~~~~~~~~~~~~~~~~
     | A network-related or instance-specific error occurred while establishing a connection to SQL Server. The server was not found or was not accessible. Verify that the instance name is correct and that SQL Server is configured to allow remote connections. (provider: Named Pipes Provider, error: 40 - Could not open a connection to SQL Server)

[91mInvoke-Sqlcmd: [0mC:\Program Files\WindowsPowerShell\Modules\TenantSiteMetadataSync\1.0.0.0\public\Update-DatabaseSchema.ps1:41:13
[96mLine |
[96m  41 | [0m             [96mInvoke-Sqlcmd -InputFile $path.FullName -ServerInstance $[0m …
[96m     | [91m             ~~~~~~~~~~~~~~~~~~~~~~~~~~~~~~~~~~~~~~~~~~~~~~~~~~~~~~~~~
[91m[96m     | [91mA network-related or instance-specific error occurred while establishing a connection to SQL Server. The server was not found or was not accessible. Verify that the instance name is correct and that SQL Server is configured to allow remote connections. (provider: Named Pipes Provider, error: 40 - Could not open a connection to SQL Server)
[0m
>> TerminatingError(Invoke-Sqlcmd): "Incorrect syntax was encountered while parsing ''."

Invoke-Sqlcmd: C:\Program Files\WindowsPowerShell\Modules\TenantSiteMetadataSync\1.0.0.0\public\Update-DatabaseSchema.ps1:41:13
Line |
  41 |              Invoke-Sqlcmd -InputFile $path.FullName -ServerInstance $ …
     |              ~~~~~~~~~~~~~~~~~~~~~~~~~~~~~~~~~~~~~~~~~~~~~~~~~~~~~~~~~
     | Incorrect syntax was encountered while parsing ''.

[91mInvoke-Sqlcmd: [0mC:\Program Files\WindowsPowerShell\Modules\TenantSiteMetadataSync\1.0.0.0\public\Update-DatabaseSchema.ps1:41:13
[96mLine |
[96m  41 | [0m             [96mInvoke-Sqlcmd -InputFile $path.FullName -ServerInstance $[0m …
[96m     | [91m             ~~~~~~~~~~~~~~~~~~~~~~~~~~~~~~~~~~~~~~~~~~~~~~~~~~~~~~~~~
[91m[96m     | [91mIncorrect syntax was encountered while parsing ''.
[0m
PS C:\_projects\TenantSiteMetadataSync> @{ 'computerName' = if ([Environment]::MachineName) {[Environment]::MachineName}  else {'localhost'}; 'processId' = $PID; 'instanceId' = $host.InstanceId }

Name                           Value
----                           -----
computerName                   DESKTOP-UT1319M
processId                      38120
instanceId                     bde53e52-8ac5-4773-987f-454e62c9a5a4

PS C:\_projects\TenantSiteMetadataSync> Update-TSMSDatabaseSchema -DatabaseName "TenantSiteMetadataSync" -Database "LOCALHOST\SQLEXPRESS" -Verbose
VERBOSE: 08/25/2021 13:48:46 - Executing File: C:\Program Files\WindowsPowerShell\Modules\TenantSiteMetadataSync\1.0.0.0\private\sql\tb_ConditionalAccessPolicyType.sql

Invoke-Sqlcmd: C:\Program Files\WindowsPowerShell\Modules\TenantSiteMetadataSync\1.0.0.0\public\Update-DatabaseSchema.ps1:41:13
Line |
  41 |              Invoke-Sqlcmd -InputFile $path.FullName -ServerInstance $ …
     |              ~~~~~~~~~~~~~~~~~~~~~~~~~~~~~~~~~~~~~~~~~~~~~~~~~~~~~~~~~
     | A network-related or instance-specific error occurred while establishing a connection to SQL Server. The server was not found or was not accessible. Verify that the instance name is correct and that SQL Server is configured to allow remote connections. (provider: Named Pipes Provider, error: 40 - Could not open a connection to SQL Server)

[91mInvoke-Sqlcmd: [0mC:\Program Files\WindowsPowerShell\Modules\TenantSiteMetadataSync\1.0.0.0\public\Update-DatabaseSchema.ps1:41:13
[96mLine |
[96m  41 | [0m             [96mInvoke-Sqlcmd -InputFile $path.FullName -ServerInstance $[0m …
[96m     | [91m             ~~~~~~~~~~~~~~~~~~~~~~~~~~~~~~~~~~~~~~~~~~~~~~~~~~~~~~~~~
[91m[96m     | [91mA network-related or instance-specific error occurred while establishing a connection to SQL Server. The server was not found or was not accessible. Verify that the instance name is correct and that SQL Server is configured to allow remote connections. (provider: Named Pipes Provider, error: 40 - Could not open a connection to SQL Server)
[0m
>> TerminatingError(Invoke-Sqlcmd): "Incorrect syntax was encountered while parsing ''."

Invoke-Sqlcmd: C:\Program Files\WindowsPowerShell\Modules\TenantSiteMetadataSync\1.0.0.0\public\Update-DatabaseSchema.ps1:41:13
Line |
  41 |              Invoke-Sqlcmd -InputFile $path.FullName -ServerInstance $ …
     |              ~~~~~~~~~~~~~~~~~~~~~~~~~~~~~~~~~~~~~~~~~~~~~~~~~~~~~~~~~
     | Incorrect syntax was encountered while parsing ''.

[91mInvoke-Sqlcmd: [0mC:\Program Files\WindowsPowerShell\Modules\TenantSiteMetadataSync\1.0.0.0\public\Update-DatabaseSchema.ps1:41:13
[96mLine |
[96m  41 | [0m             [96mInvoke-Sqlcmd -InputFile $path.FullName -ServerInstance $[0m …
[96m     | [91m             ~~~~~~~~~~~~~~~~~~~~~~~~~~~~~~~~~~~~~~~~~~~~~~~~~~~~~~~~~
[91m[96m     | [91mIncorrect syntax was encountered while parsing ''.
[0m
PS C:\_projects\TenantSiteMetadataSync> @{ 'computerName' = if ([Environment]::MachineName) {[Environment]::MachineName}  else {'localhost'}; 'processId' = $PID; 'instanceId' = $host.InstanceId }

Name                           Value
----                           -----
computerName                   DESKTOP-UT1319M
processId                      38120
instanceId                     bde53e52-8ac5-4773-987f-454e62c9a5a4

PS C:\_projects\TenantSiteMetadataSync> Invoke-Sqlcmd -ServerInstance "LOCALHOST\SQLEXPRESS" -Database "TenantSiteMetadataSync" -InputFile C:\_projects\TenantSiteMetadataSync\TenantSiteMetadataSync\private\sql\tb_ConditionalAccessPolicyType.sql
PS C:\_projects\TenantSiteMetadataSync> @{ 'computerName' = if ([Environment]::MachineName) {[Environment]::MachineName}  else {'localhost'}; 'processId' = $PID; 'instanceId' = $host.InstanceId }

Name                           Value
----                           -----
computerName                   DESKTOP-UT1319M
processId                      38120
instanceId                     bde53e52-8ac5-4773-987f-454e62c9a5a4

PS C:\_projects\TenantSiteMetadataSync> Invoke-Sqlcmd -ServerInstance "LOCALHOST\SQLEXPRESS" -Database "TenantSiteMetadataSync" -InputFile "C:\Program Files\WindowsPowerShell\Modules\TenantSiteMetadataSync\1.0.0.0\private\sql\tb_ConditionalAccessPolicyType.sql"
PS C:\_projects\TenantSiteMetadataSync> @{ 'computerName' = if ([Environment]::MachineName) {[Environment]::MachineName}  else {'localhost'}; 'processId' = $PID; 'instanceId' = $host.InstanceId }

Name                           Value
----                           -----
computerName                   DESKTOP-UT1319M
processId                      38120
instanceId                     bde53e52-8ac5-4773-987f-454e62c9a5a4

