**********************
PowerShell transcript start
Start time: 20210825134641
Username: NORTHAMERICA\josrod
RunAs User: NORTHAMERICA\josrod
Configuration Name: 
Machine: DESKTOP-UT1319M (Microsoft Windows NT 10.0.19043.0)
Host Application: C:\Program Files\PowerShell\7\pwsh.dll -NoProfile -NonInteractive -ExecutionPolicy Bypass -Command Import-Module 'c:\Users\josrod\.vscode\extensions\ms-vscode.powershell-2021.8.0\modules\PowerShellEditorServices\PowerShellEditorServices.psd1'; Start-EditorServices -HostName 'Visual Studio Code Host' -HostProfileId 'Microsoft.VSCode' -HostVersion '2021.8.0' -AdditionalModules @('PowerShellEditorServices.VSCode') -BundledModulesPath 'c:\Users\josrod\.vscode\extensions\ms-vscode.powershell-2021.8.0\modules' -EnableConsoleRepl -StartupBanner '=====> PowerShell Integrated Console v2021.8.0 <=====
' -LogLevel 'Normal' -LogPath 'c:\Users\josrod\.vscode\extensions\ms-vscode.powershell-2021.8.0\logs\1629912611-386f9525-617c-4030-9457-3f79360755371629752209118\EditorServices.log' -SessionDetailsPath 'c:\Users\josrod\.vscode\extensions\ms-vscode.powershell-2021.8.0\sessions\PSES-VSCode-18360-716477' -FeatureFlags @() 
Process ID: 38120
PSVersion: 7.1.4
PSEdition: Core
GitCommitId: 7.1.4
OS: Microsoft Windows 10.0.19043
Platform: Win32NT
PSCompatibleVersions: 1.0, 2.0, 3.0, 4.0, 5.0, 5.1.10032.0, 6.0.0, 6.1.0, 6.2.0, 7.0.0, 7.1.4
PSRemotingProtocolVersion: 2.3
SerializationVersion: 1.1.0.1
WSManStackVersion: 3.0
**********************
Transcript started, output file is C:\_projects\TenantSiteMetadataSync\Logs\ImportSharePointTenantListData_20210825T1346411073.log
PS>TerminatingError(): "Exception calling "Open" with "0" argument(s): "Cannot open database "tenantmetatasync" requested by the login. The login failed.
Login failed for user 'NORTHAMERICA\josrod'.""
>> TerminatingError(): "Exception calling "Open" with "0" argument(s): "Cannot open database "tenantmetatasync" requested by the login. The login failed.
Login failed for user 'NORTHAMERICA\josrod'.""
>> TerminatingError(): "Exception calling "Open" with "0" argument(s): "Cannot open database "tenantmetatasync" requested by the login. The login failed.
Login failed for user 'NORTHAMERICA\josrod'.""
>> TerminatingError(): "Exception calling "Open" with "0" argument(s): "Cannot open database "tenantmetatasync" requested by the login. The login failed.
Login failed for user 'NORTHAMERICA\josrod'.""
Exception calling "Open" with "0" argument(s): "Cannot open database "tenantmetatasync" requested by the login. The login failed.
Login failed for user 'NORTHAMERICA\josrod'."
>> @{ 'computerName' = if ([Environment]::MachineName) {[Environment]::MachineName}  else {'localhost'}; 'processId' = $PID; 'instanceId' = $host.InstanceId }

Name                           Value
----                           -----
computerName                   DESKTOP-UT1319M
processId                      38120
instanceId                     bde53e52-8ac5-4773-987f-454e62c9a5a4


[91mParentContainsErrorRecordException: [0mC:\Program Files\WindowsPowerShell\Modules\TenantSiteMetadataSync\1.0.0.0\private\functions\Invoke-NonQuery.ps1:56:14
[96mLine |
[96m  56 | [0m              [96m$connection.Open()[0m
[96m     | [91m              ~~~~~~~~~~~~~~~~~~
[91m[96m     | [91mException calling "Open" with "0" argument(s): "Cannot open database "tenantmetatasync" requested by the login. The login failed. Login failed for user 'NORTHAMERICA\josrod'."
[0m
PS C:\_projects\TenantSiteMetadataSync> c:\_projects\TenantSiteMetadataSync\Start-TenantSiteMetadataSync.ps1 -ClientId $env:O365_CLIENTID -Thumbprint $env:O365_THUMBPRINT -Tenant $env:O365_TENANT -DatabaseServer "LOCALHOST\SQLEXPRESS" -DatabaseName "TenantSiteMetadataSync" -ImportSharePointTenantListData
**********************
PowerShell transcript end
End time: 20210825134746
**********************
